17/11/2021 15:23:05 [INFO /main]: Rediff Books(10):Testing the Invalid Login Scenario
17/11/2021 15:23:27 [INFO /main]: Rediff Books(10):Currently in Home Page
17/11/2021 15:23:27 [INFO /main]: Rediff Books(14):Sign Page Title is not matching expected [books.rediff.com] but found [rediff.com ! Books Online]
17/11/2021 15:23:27 [INFO /main]: Rediff Books(10):Currently in Sign In Page
17/11/2021 15:23:50 [INFO /main]: Rediff Books(10):Invalid Login error is not displayed
17/11/2021 15:24:18 [INFO /main]: Rediff Books(10):Testing the Invalid Login Scenario
17/11/2021 15:24:36 [INFO /main]: Rediff Books(10):Currently in Home Page
17/11/2021 15:24:36 [INFO /main]: Rediff Books(14):Sign Page Title is not matching expected [books.rediff.com] but found [rediff.com ! Books Online]
17/11/2021 15:24:36 [INFO /main]: Rediff Books(10):Currently in Sign In Page
17/11/2021 15:24:55 [INFO /main]: Rediff Books(10):Invalid Login error is not displayed
17/11/2021 15:25:20 [INFO /main]: Rediff Books(10):Testing the Invalid Login Scenario
17/11/2021 15:25:38 [INFO /main]: Rediff Books(10):Currently in Home Page
17/11/2021 15:25:38 [INFO /main]: Rediff Books(14):Sign Page Title is not matching expected [books.rediff.com] but found [rediff.com ! Books Online]
17/11/2021 15:25:38 [INFO /main]: Rediff Books(10):Currently in Sign In Page
17/11/2021 15:25:59 [INFO /main]: Rediff Books(10):Invalid Login error is not displayed
17/11/2021 15:26:19 [INFO /main]: Rediff Books(10):Testing the Invalid Login Scenario
17/11/2021 15:26:20 [INFO /main]: Rediff Books(10):Currently in Home Page
17/11/2021 15:26:20 [INFO /main]: Rediff Books(14):Sign Page Title is not matching expected [books.rediff.com] but found [rediff.com ! Books Online]
17/11/2021 15:26:20 [INFO /main]: Rediff Books(10):Currently in Sign In Page
17/11/2021 15:26:25 [INFO /main]: Rediff Books(10):Invalid Login error is not displayed
17/11/2021 15:26:36 [INFO /main]: Rediff Books(10):Testing the Invalid Login Scenario
17/11/2021 15:26:37 [INFO /main]: Rediff Books(10):Currently in Home Page
17/11/2021 15:26:37 [INFO /main]: Rediff Books(14):Sign Page Title is not matching expected [books.rediff.com] but found [rediff.com ! Books Online]
17/11/2021 15:26:37 [INFO /main]: Rediff Books(10):Currently in Sign In Page
17/11/2021 15:26:43 [INFO /main]: Rediff Books(10):Invalid Login error is not displayed
17/11/2021 15:26:53 [INFO /main]: Rediff Books(10):Testing the Invalid Login Scenario
17/11/2021 15:26:55 [INFO /main]: Rediff Books(10):Currently in Home Page
17/11/2021 15:26:55 [INFO /main]: Rediff Books(14):Sign Page Title is not matching expected [books.rediff.com] but found [rediff.com ! Books Online]
17/11/2021 15:26:55 [INFO /main]: Rediff Books(10):Currently in Sign In Page
17/11/2021 15:27:00 [INFO /main]: Rediff Books(10):Invalid Login error is not displayed
17/11/2021 15:32:12 [INFO /TestNG-tests-2]: Rediff Books(10):Testing the Invalid Login Scenario
17/11/2021 15:32:14 [INFO /TestNG-tests-2]: Rediff Books(10):Currently in Home Page
17/11/2021 15:32:14 [INFO /TestNG-tests-2]: Rediff Books(14):Sign Page Title is not matching expected [books.rediff.com] but found [rediff.com ! Books Online]
17/11/2021 15:32:14 [INFO /TestNG-tests-2]: Rediff Books(10):Currently in Sign In Page
17/11/2021 15:32:20 [INFO /TestNG-tests-2]: Rediff Books(10):Invalid Login error is not displayed
17/11/2021 15:32:34 [INFO /TestNG-tests-1]: Rediff Books(10):Testing the Invalid Login Scenario
17/11/2021 15:32:35 [INFO /TestNG-tests-2]: Rediff Books(10):Testing the Invalid Login Scenario
17/11/2021 15:32:37 [INFO /TestNG-tests-2]: Rediff Books(10):Currently in Home Page
17/11/2021 15:32:37 [INFO /TestNG-tests-2]: Rediff Books(14):Sign Page Title is not matching expected [books.rediff.com] but found [rediff.com ! Books Online]
17/11/2021 15:32:37 [INFO /TestNG-tests-2]: Rediff Books(10):Currently in Sign In Page
17/11/2021 15:32:42 [INFO /TestNG-tests-2]: Rediff Books(10):Invalid Login error is not displayed
17/11/2021 15:32:53 [INFO /TestNG-tests-1]: Rediff Books(10):Currently in Home Page
17/11/2021 15:32:53 [INFO /TestNG-tests-1]: Rediff Books(14):Sign Page Title is not matching expected [books.rediff.com] but found [rediff.com ! Books Online]
17/11/2021 15:32:53 [INFO /TestNG-tests-1]: Rediff Books(10):Currently in Sign In Page
17/11/2021 15:32:54 [INFO /TestNG-tests-2]: Rediff Books(10):Testing the Invalid Login Scenario
17/11/2021 15:32:55 [INFO /TestNG-tests-2]: Rediff Books(10):Currently in Home Page
17/11/2021 15:32:55 [INFO /TestNG-tests-2]: Rediff Books(14):Sign Page Title is not matching expected [books.rediff.com] but found [rediff.com ! Books Online]
17/11/2021 15:32:55 [INFO /TestNG-tests-2]: Rediff Books(10):Currently in Sign In Page
17/11/2021 15:33:01 [INFO /TestNG-tests-2]: Rediff Books(10):Invalid Login error is not displayed
17/11/2021 15:33:18 [INFO /TestNG-tests-1]: Rediff Books(10):Invalid Login error is not displayed
17/11/2021 15:33:50 [INFO /TestNG-tests-1]: Rediff Books(10):Testing the Invalid Login Scenario
17/11/2021 15:34:12 [INFO /TestNG-tests-1]: Rediff Books(10):Currently in Home Page
17/11/2021 15:34:12 [INFO /TestNG-tests-1]: Rediff Books(14):Sign Page Title is not matching expected [books.rediff.com] but found [rediff.com ! Books Online]
17/11/2021 15:34:12 [INFO /TestNG-tests-1]: Rediff Books(10):Currently in Sign In Page
17/11/2021 15:34:35 [INFO /TestNG-tests-1]: Rediff Books(10):Invalid Login error is not displayed
17/11/2021 15:35:14 [INFO /TestNG-tests-1]: Rediff Books(10):Testing the Invalid Login Scenario
17/11/2021 15:35:33 [INFO /TestNG-tests-1]: Rediff Books(10):Currently in Home Page
17/11/2021 15:35:33 [INFO /TestNG-tests-1]: Rediff Books(14):Sign Page Title is not matching expected [books.rediff.com] but found [rediff.com ! Books Online]
17/11/2021 15:35:33 [INFO /TestNG-tests-1]: Rediff Books(10):Currently in Sign In Page
17/11/2021 15:35:58 [INFO /TestNG-tests-1]: Rediff Books(10):Invalid Login error is not displayed
